# JRE version: OpenJDK Runtime Environment (8.0_212-b04) (build 1.8.0_212-release-1586-b04)
# Java VM: OpenJDK 64-Bit Server VM (25.212-b04 mixed mode windows-amd64 compressed oops)
Heap:
 PSYoungGen      total 38400K, used 19150K [0x00000000e0000000, 0x00000000e2a80000, 0x0000000100000000)
  eden space 33280K, 57% used [0x00000000e0000000,0x00000000e12b3b60,0x00000000e2080000)
  from space 5120K, 0% used [0x00000000e2080000,0x00000000e2080000,0x00000000e2580000)
  to   space 5120K, 0% used [0x00000000e2580000,0x00000000e2580000,0x00000000e2a80000)
 ParOldGen       total 74240K, used 11808K [0x00000000a0000000, 0x00000000a4880000, 0x00000000e0000000)
  object space 74240K, 15% used [0x00000000a0000000,0x00000000a0b88000,0x00000000a4880000)
 Metaspace       used 24986K, capacity 25455K, committed 25904K, reserved 1073152K
  class space    used 3141K, capacity 3292K, committed 3376K, reserved 1048576K
GC Heap History (10 events):
Event: 6.153 GC heap before
{Heap before GC invocations=1 (full 0):
 PSYoungGen      total 38400K, used 15584K [0x00000000e0000000, 0x00000000e2a80000, 0x0000000100000000)
  eden space 33280K, 46% used [0x00000000e0000000,0x00000000e0f38200,0x00000000e2080000)
  from space 5120K, 0% used [0x00000000e2580000,0x00000000e2580000,0x00000000e2a80000)
  to   space 5120K, 0% used [0x00000000e2080000,0x00000000e2080000,0x00000000e2580000)
 ParOldGen       total 87552K, used 0K [0x00000000a0000000, 0x00000000a5580000, 0x00000000e0000000)
  object space 87552K, 0% used [0x00000000a0000000,0x00000000a0000000,0x00000000a5580000)
 Metaspace       used 9015K, capacity 9182K, committed 9216K, reserved 1056768K
  class space    used 953K, capacity 1021K, committed 1024K, reserved 1048576K
Event: 6.159 GC heap after
Heap after GC invocations=1 (full 0):
 PSYoungGen      total 38400K, used 3154K [0x00000000e0000000, 0x00000000e2a80000, 0x0000000100000000)
  eden space 33280K, 0% used [0x00000000e0000000,0x00000000e0000000,0x00000000e2080000)
  from space 5120K, 61% used [0x00000000e2080000,0x00000000e2394820,0x00000000e2580000)
  to   space 5120K, 0% used [0x00000000e2580000,0x00000000e2580000,0x00000000e2a80000)
 ParOldGen       total 87552K, used 8K [0x00000000a0000000, 0x00000000a5580000, 0x00000000e0000000)
  object space 87552K, 0% used [0x00000000a0000000,0x00000000a0002000,0x00000000a5580000)
 Metaspace       used 9015K, capacity 9182K, committed 9216K, reserved 1056768K
  class space    used 953K, capacity 1021K, committed 1024K, reserved 1048576K
}
Event: 6.159 GC heap before
{Heap before GC invocations=2 (full 1):
 PSYoungGen      total 38400K, used 3154K [0x00000000e0000000, 0x00000000e2a80000, 0x0000000100000000)
  eden space 33280K, 0% used [0x00000000e0000000,0x00000000e0000000,0x00000000e2080000)
  from space 5120K, 61% used [0x00000000e2080000,0x00000000e2394820,0x00000000e2580000)
  to   space 5120K, 0% used [0x00000000e2580000,0x00000000e2580000,0x00000000e2a80000)
 ParOldGen       total 87552K, used 8K [0x00000000a0000000, 0x00000000a5580000, 0x00000000e0000000)
  object space 87552K, 0% used [0x00000000a0000000,0x00000000a0002000,0x00000000a5580000)
 Metaspace       used 9015K, capacity 9182K, committed 9216K, reserved 1056768K
  class space    used 953K, capacity 1021K, committed 1024K, reserved 1048576K
Event: 6.180 GC heap after
Heap after GC invocations=2 (full 1):
 PSYoungGen      total 38400K, used 0K [0x00000000e0000000, 0x00000000e2a80000, 0x0000000100000000)
  eden space 33280K, 0% used [0x00000000e0000000,0x00000000e0000000,0x00000000e2080000)
  from space 5120K, 0% used [0x00000000e2080000,0x00000000e2080000,0x00000000e2580000)
  to   space 5120K, 0% used [0x00000000e2580000,0x00000000e2580000,0x00000000e2a80000)
 ParOldGen       total 87552K, used 2967K [0x00000000a0000000, 0x00000000a5580000, 0x00000000e0000000)
  object space 87552K, 3% used [0x00000000a0000000,0x00000000a02e5e30,0x00000000a5580000)
 Metaspace       used 9015K, capacity 9182K, committed 9216K, reserved 1056768K
  class space    used 953K, capacity 1021K, committed 1024K, reserved 1048576K
}
Event: 9.181 GC heap before
{Heap before GC invocations=3 (full 1):
 PSYoungGen      total 38400K, used 33280K [0x00000000e0000000, 0x00000000e2a80000, 0x0000000100000000)
  eden space 33280K, 100% used [0x00000000e0000000,0x00000000e2080000,0x00000000e2080000)
  from space 5120K, 0% used [0x00000000e2080000,0x00000000e2080000,0x00000000e2580000)
  to   space 5120K, 0% used [0x00000000e2580000,0x00000000e2580000,0x00000000e2a80000)
 ParOldGen       total 87552K, used 2967K [0x00000000a0000000, 0x00000000a5580000, 0x00000000e0000000)
  object space 87552K, 3% used [0x00000000a0000000,0x00000000a02e5e30,0x00000000a5580000)
 Metaspace       used 14131K, capacity 14376K, committed 14592K, reserved 1062912K
  class space    used 1616K, capacity 1698K, committed 1792K, reserved 1048576K
Event: 9.193 GC heap after
Heap after GC invocations=3 (full 1):
 PSYoungGen      total 38400K, used 5094K [0x00000000e0000000, 0x00000000e2a80000, 0x0000000100000000)
  eden space 33280K, 0% used [0x00000000e0000000,0x00000000e0000000,0x00000000e2080000)
  from space 5120K, 99% used [0x00000000e2580000,0x00000000e2a79b58,0x00000000e2a80000)
  to   space 5120K, 0% used [0x00000000e2080000,0x00000000e2080000,0x00000000e2580000)
 ParOldGen       total 87552K, used 5271K [0x00000000a0000000, 0x00000000a5580000, 0x00000000e0000000)
  object space 87552K, 6% used [0x00000000a0000000,0x00000000a0525eb0,0x00000000a5580000)
 Metaspace       used 14131K, capacity 14376K, committed 14592K, reserved 1062912K
  class space    used 1616K, capacity 1698K, committed 1792K, reserved 1048576K
}
Event: 12.170 GC heap before
{Heap before GC invocations=4 (full 1):
 PSYoungGen      total 38400K, used 38374K [0x00000000e0000000, 0x00000000e2a80000, 0x0000000100000000)
  eden space 33280K, 100% used [0x00000000e0000000,0x00000000e2080000,0x00000000e2080000)
  from space 5120K, 99% used [0x00000000e2580000,0x00000000e2a79b58,0x00000000e2a80000)
  to   space 5120K, 0% used [0x00000000e2080000,0x00000000e2080000,0x00000000e2580000)
 ParOldGen       total 87552K, used 5271K [0x00000000a0000000, 0x00000000a5580000, 0x00000000e0000000)
  object space 87552K, 6% used [0x00000000a0000000,0x00000000a0525eb0,0x00000000a5580000)
 Metaspace       used 20843K, capacity 21159K, committed 21296K, reserved 1069056K
  class space    used 2467K, capacity 2582K, committed 2608K, reserved 1048576K
Event: 12.184 GC heap after
Heap after GC invocations=4 (full 1):
 PSYoungGen      total 38400K, used 5111K [0x00000000e0000000, 0x00000000e2a80000, 0x0000000100000000)
  eden space 33280K, 0% used [0x00000000e0000000,0x00000000e0000000,0x00000000e2080000)
  from space 5120K, 99% used [0x00000000e2080000,0x00000000e257ddb8,0x00000000e2580000)
  to   space 5120K, 0% used [0x00000000e2580000,0x00000000e2580000,0x00000000e2a80000)
 ParOldGen       total 87552K, used 10635K [0x00000000a0000000, 0x00000000a5580000, 0x00000000e0000000)
  object space 87552K, 12% used [0x00000000a0000000,0x00000000a0a62e38,0x00000000a5580000)
 Metaspace       used 20843K, capacity 21159K, committed 21296K, reserved 1069056K
  class space    used 2467K, capacity 2582K, committed 2608K, reserved 1048576K
}
Event: 12.184 GC heap before
{Heap before GC invocations=5 (full 2):
 PSYoungGen      total 38400K, used 5111K [0x00000000e0000000, 0x00000000e2a80000, 0x0000000100000000)
  eden space 33280K, 0% used [0x00000000e0000000,0x00000000e0000000,0x00000000e2080000)
  from space 5120K, 99% used [0x00000000e2080000,0x00000000e257ddb8,0x00000000e2580000)
  to   space 5120K, 0% used [0x00000000e2580000,0x00000000e2580000,0x00000000e2a80000)
 ParOldGen       total 87552K, used 10635K [0x00000000a0000000, 0x00000000a5580000, 0x00000000e0000000)
  object space 87552K, 12% used [0x00000000a0000000,0x00000000a0a62e38,0x00000000a5580000)
 Metaspace       used 20843K, capacity 21159K, committed 21296K, reserved 1069056K
  class space    used 2467K, capacity 2582K, committed 2608K, reserved 1048576K
Event: 12.234 GC heap after
Heap after GC invocations=5 (full 2):
 PSYoungGen      total 38400K, used 0K [0x00000000e0000000, 0x00000000e2a80000, 0x0000000100000000)
  eden space 33280K, 0% used [0x00000000e0000000,0x00000000e0000000,0x00000000e2080000)
  from space 5120K, 0% used [0x00000000e2080000,0x00000000e2080000,0x00000000e2580000)
  to   space 5120K, 0% used [0x00000000e2580000,0x00000000e2580000,0x00000000e2a80000)
 ParOldGen       total 74240K, used 11808K [0x00000000a0000000, 0x00000000a4880000, 0x00000000e0000000)
  object space 74240K, 15% used [0x00000000a0000000,0x00000000a0b88000,0x00000000a4880000)
 Metaspace       used 20843K, capacity 21159K, committed 21296K, reserved 1069056K
  class space    used 2467K, capacity 2582K, committed 2608K, reserved 1048576K
}

